Using pre-set license
Built from '2021.1/release' branch; Version is '2021.1.4f1 (4cd64a618c1b) revision 5035594'; Using compiler version '192528614'; Build Type 'Release'
OS: 'Windows 10 Pro; OS build 19042.928; Version 2009; 64bit' Language: 'fr' Physical Memory: 16227 MB
BatchMode: 1, IsHumanControllingUs: 0, StartBugReporterOnCrash: 0, Is64bit: 1, IsPro: 0

 COMMAND LINE ARGUMENTS:
C:\Program Files\Unity\2021.1.4f1\Editor\Unity.exe
-adb2
-batchMode
-noUpm
-name
AssetImportWorker0
-projectPath
C:/Users/ianpo/Documents/GitHub/City_Generator_2.0
-logFile
Logs/AssetImportWorker0.log
-srvPort
51186
Successfully changed project path to: C:/Users/ianpo/Documents/GitHub/City_Generator_2.0
C:/Users/ianpo/Documents/GitHub/City_Generator_2.0
Using Asset Import Pipeline V2.
Refreshing native plugins compatible for Editor in 114.92 ms, found 4 plugins.
Preloading 0 native plugins for Editor in 0.00 ms.
Initialize engine version: 2021.1.4f1 (4cd64a618c1b)
[Subsystems] Discovering subsystems at path C:/Program Files/Unity/2021.1.4f1/Editor/Data/Resources/UnitySubsystems
[Subsystems] Discovering subsystems at path C:/Users/ianpo/Documents/GitHub/City_Generator_2.0/Assets
GfxDevice: creating device client; threaded=0; jobified=0
Direct3D:
    Version:  Direct3D 11.0 [level 11.1]
    Renderer: NVIDIA GeForce RTX 2070 (ID=0x1f10)
    Vendor:   NVIDIA
    VRAM:     8031 MB
    Driver:   27.21.14.6611
Initialize mono
Mono path[0] = 'C:/Program Files/Unity/2021.1.4f1/Editor/Data/Managed'
Mono path[1] = 'C:/Program Files/Unity/2021.1.4f1/Editor/Data/MonoBleedingEdge/lib/mono/unityjit'
Mono config path = 'C:/Program Files/Unity/2021.1.4f1/Editor/Data/MonoBleedingEdge/etc'
Using monoOptions --debugger-agent=transport=dt_socket,embedding=1,server=y,suspend=n,address=127.0.0.1:56080
Begin MonoManager ReloadAssembly
Registering precompiled unity dll's ...
Register platform support module: C:/Program Files/Unity/2021.1.4f1/Editor/Data/PlaybackEngines/WindowsStandaloneSupport/UnityEditor.WindowsStandalone.Extensions.dll
Registered in 0.001956 seconds.
Native extension for WindowsStandalone target not found
Refreshing native plugins compatible for Editor in 102.96 ms, found 4 plugins.
Preloading 0 native plugins for Editor in 0.00 ms.
Mono: successfully reloaded assembly
- Completed reload, in  1.502 seconds
Platform modules already initialized, skipping
Registering precompiled user dll's ...
Registered in 0.004559 seconds.
Begin MonoManager ReloadAssembly
Native extension for WindowsStandalone target not found
Refreshing native plugins compatible for Editor in 0.69 ms, found 4 plugins.
Preloading 0 native plugins for Editor in 0.00 ms.
Mono: successfully reloaded assembly
- Completed reload, in  1.369 seconds
Platform modules already initialized, skipping
========================================================================
Worker process is ready to serve import requests
Launched and connected shader compiler UnityShaderCompiler.exe after 0.07 seconds
Refreshing native plugins compatible for Editor in 1.32 ms, found 4 plugins.
Preloading 0 native plugins for Editor in 0.00 ms.
Unloading 4073 Unused Serialized files (Serialized files now loaded: 0)
System memory in use before: 153.2 MB.
System memory in use after: 153.3 MB.

Unloading 138 unused Assets to reduce memory usage. Loaded Objects now: 4498.
Total: 6.107000 ms (FindLiveObjects: 0.636000 ms CreateObjectMapping: 0.425100 ms MarkObjects: 4.525400 ms  DeleteObjects: 0.518000 ms)

========================================================================
Received Import Request.
  path: Assets/Sayama.CityGenerator.OdinSerializer/LICENSE
  artifactKey: Guid(e09f3ba4611eba40f5f5f64a74c03acc) Importer(815301076,1909f56bfc062723c751e8b465ee728b)
Start importing Assets/Sayama.CityGenerator.OdinSerializer/LICENSE using Guid(e09f3ba4611eba40f5f5f64a74c03acc) Importer(815301076,1909f56bfc062723c751e8b465ee728b)  -> (artifact id: 'ba77bfbfc745e37208b4107e27baebad') in 0.010937 seconds 
========================================================================
Received Import Request.
  Time since last request: 0.000394 seconds.
  path: Assets/Sayama.CityGenerator.OdinSerializer/Version.txt
  artifactKey: Guid(39b10ce1ee412f1bbf934d3737de7eda) Importer(815301076,1909f56bfc062723c751e8b465ee728b)
Start importing Assets/Sayama.CityGenerator.OdinSerializer/Version.txt using Guid(39b10ce1ee412f1bbf934d3737de7eda) Importer(815301076,1909f56bfc062723c751e8b465ee728b)  -> (artifact id: '9e9ad15f8cee9808b040ceb84d06ecb5') in 0.051284 seconds 
========================================================================
Received Import Request.
  Time since last request: 0.000394 seconds.
  path: Assets/Sayama.CityGenerator.OdinSerializer
  artifactKey: Guid(4edad78ce65d7e548ba7c1003a556182) Importer(815301076,1909f56bfc062723c751e8b465ee728b)
Start importing Assets/Sayama.CityGenerator.OdinSerializer using Guid(4edad78ce65d7e548ba7c1003a556182) Importer(815301076,1909f56bfc062723c751e8b465ee728b)  -> (artifact id: '36dbd7e2de9d6d5e34f90ebe8c14933c') in 0.001873 seconds 
========================================================================
Received Import Request.
  Time since last request: 16.844740 seconds.
  path: Assets
  artifactKey: Guid(00000000000000001000000000000000) Importer(815301076,1909f56bfc062723c751e8b465ee728b)
Start importing Assets using Guid(00000000000000001000000000000000) Importer(815301076,1909f56bfc062723c751e8b465ee728b)  -> (artifact id: '9222b99937b918022a9cc33b6e833563') in 0.001675 seconds 
========================================================================
Received Import Request.
  Time since last request: 5.597447 seconds.
  path: Assets/Plugins
  artifactKey: Guid(5260729eb2a41624f966c78253f14e48) Importer(815301076,1909f56bfc062723c751e8b465ee728b)
Start importing Assets/Plugins using Guid(5260729eb2a41624f966c78253f14e48) Importer(815301076,1909f56bfc062723c751e8b465ee728b)  -> (artifact id: '19c2516f382deb9c31232debb910b25b') in 0.002107 seconds 
========================================================================
Received Prepare
Registering precompiled user dll's ...
Registered in 0.006791 seconds.
Begin MonoManager ReloadAssembly
Native extension for WindowsStandalone target not found
Refreshing native plugins compatible for Editor in 0.70 ms, found 4 plugins.
Preloading 0 native plugins for Editor in 0.00 ms.
Warning: Annotation not found!
UnityEngine.StackTraceUtility:ExtractStackTrace ()
UnityEditor.ProBuilder.EditorUtility:SetGizmoIconEnabled (System.Type,bool) (at Library/PackageCache/com.unity.probuilder@5.0.3/Editor/EditorCore/EditorUtility.cs:575)
UnityEditor.ProBuilder.HierarchyListener:.cctor () (at Library/PackageCache/com.unity.probuilder@5.0.3/Editor/EditorCore/HierarchyListener.cs:21)
System.Runtime.CompilerServices.RuntimeHelpers:RunClassConstructor (System.RuntimeTypeHandle)
UnityEditor.EditorAssemblies:ProcessInitializeOnLoadAttributes (System.Type[])

[Library/PackageCache/com.unity.probuilder@5.0.3/Editor/EditorCore/EditorUtility.cs line 575]

Mono: successfully reloaded assembly
- Completed reload, in  1.112 seconds
Platform modules already initialized, skipping
Refreshing native plugins compatible for Editor in 0.81 ms, found 4 plugins.
Preloading 0 native plugins for Editor in 0.00 ms.
Unloading 3996 Unused Serialized files (Serialized files now loaded: 0)
System memory in use before: 146.7 MB.
System memory in use after: 146.9 MB.

Unloading 19 unused Assets to reduce memory usage. Loaded Objects now: 4502.
Total: 3.601300 ms (FindLiveObjects: 0.308500 ms CreateObjectMapping: 0.234700 ms MarkObjects: 2.982500 ms  DeleteObjects: 0.074500 ms)

========================================================================
Received Import Request.
  Time since last request: 52.190357 seconds.
  path: Assets/Scenes/SampleScene.unity
  artifactKey: Guid(9fc0d4010bbf28b4594072e72b8655ab) Importer(815301076,1909f56bfc062723c751e8b465ee728b)
Start importing Assets/Scenes/SampleScene.unity using Guid(9fc0d4010bbf28b4594072e72b8655ab) Importer(815301076,1909f56bfc062723c751e8b465ee728b)  -> (artifact id: 'f16119ef830a7d422321a7925fcec0fa') in 0.011763 seconds 
========================================================================
Received Import Request.
  Time since last request: 4.813396 seconds.
  path: Assets/Scenes
  artifactKey: Guid(2b573f6ac93ce6d46b3e561e05768bcc) Importer(815301076,1909f56bfc062723c751e8b465ee728b)
Start importing Assets/Scenes using Guid(2b573f6ac93ce6d46b3e561e05768bcc) Importer(815301076,1909f56bfc062723c751e8b465ee728b)  -> (artifact id: '79176964fb08fd311937ff45716f0305') in 0.001801 seconds 
========================================================================
Received Import Request.
  Time since last request: 9.653469 seconds.
  path: Assets/Scenes/MainScene.unity
  artifactKey: Guid(bf138ca9031a45c488fe832d651c3b85) Importer(815301076,1909f56bfc062723c751e8b465ee728b)
Start importing Assets/Scenes/MainScene.unity using Guid(bf138ca9031a45c488fe832d651c3b85) Importer(815301076,1909f56bfc062723c751e8b465ee728b)  -> (artifact id: '485c64c8f7165b71112734d8ae549fd3') in 0.001902 seconds 
AssetImportWorkerClient::OnTransportError - code=2 error=End of file
